<?xml version="1.0" encoding="UTF-8"?>
<!-- Generated by org.testng.reporters.JUnitReportReporter -->
<testsuite hostname="SAG-9C0WTG3" failures="0" tests="1" name="testcases.Parallel2" time="11.432" errors="0" timestamp="2024-02-22T12:08:14 IST" skipped="0">
  <testcase classname="testcases.Parallel2" name="test2" time="11.432"/>
</testsuite> <!-- testcases.Parallel2 -->
