<?xml version="1.0" encoding="UTF-8"?>
<!-- Generated by org.testng.reporters.JUnitReportReporter -->
<testsuite hostname="SAG-9C0WTG3" failures="0" tests="1" name="rough.Demo" time="0.004" errors="0" timestamp="2024-02-23T13:17:17 IST" skipped="0">
  <testcase classname="rough.Demo" name="test" time="0.004"/>
</testsuite> <!-- rough.Demo -->
