<?xml version="1.0" encoding="UTF-8"?>
<!-- Generated by org.testng.reporters.JUnitReportReporter -->
<testsuite hostname="SAG-9C0WTG3" failures="0" tests="1" name="rough.DemoTest" time="0.005" errors="0" timestamp="2024-02-23T13:12:41 IST" skipped="0">
  <testcase classname="rough.DemoTest" name="test" time="0.005"/>
</testsuite> <!-- rough.DemoTest -->
