<?xml version="1.0" encoding="UTF-8"?>
<!-- Generated by org.testng.reporters.JUnitReportReporter -->
<testsuite hostname="SAG-9C0WTG3" failures="0" tests="4" name="testcases.RegisterValidUserTest" time="127.378" errors="0" timestamp="2024-02-23T17:01:57 IST" skipped="0">
  <testcase classname="testcases.RegisterValidUserTest" name="performSignUp" time="49.748"/>
  <testcase classname="testcases.RegisterValidUserTest" name="loginWithValidCredentials" time="28.020"/>
  <testcase classname="testcases.RegisterValidUserTest" name="logoutTest" time="39.473"/>
  <testcase classname="testcases.RegisterValidUserTest" name="performSignUpWithExistingEmail" time="10.137"/>
</testsuite> <!-- testcases.RegisterValidUserTest -->
