<?xml version="1.0" encoding="UTF-8"?>
<!-- Generated by org.testng.reporters.JUnitReportReporter -->
<testsuite hostname="SAG-9C0WTG3" failures="0" tests="1" name="testcases.LoginInvalidUserTest" time="8.416" errors="0" timestamp="2024-02-23T17:01:57 IST" skipped="0">
  <testcase classname="testcases.LoginInvalidUserTest" name="loginwithInvalidCredentials" time="8.416"/>
</testsuite> <!-- testcases.LoginInvalidUserTest -->
